<?xml version="1.0" encoding="UTF-8"?>
<!-- Generated by org.testng.reporters.JUnitReportReporter -->
<testsuite hostname="LAPTOP-INOVJLH7" failures="0" tests="3" name="com.app.qa.tests.LoginPageTest" time="17.443" errors="0" timestamp="2022-08-26T02:14:53 EET" skipped="1">
  <testcase classname="com.app.qa.tests.LoginPageTest" name="loginPageTitleTest" time="9.490"/>
  <system-out/>
  <testcase classname="com.app.qa.tests.LoginPageTest" name="crmLogoImageTest" time="7.953"/>
  <system-out/>
  <testcase classname="com.app.qa.tests.LoginPageTest" name="loginTest">
    <skipped/>
  </testcase> <!-- loginTest -->
  <system-out/>
</testsuite> <!-- com.app.qa.tests.LoginPageTest -->
