<?xml version="1.0" encoding="UTF-8"?>
<!-- Generated by org.testng.reporters.JUnitReportReporter -->
<testsuite hostname="LAPTOP-INOVJLH7" failures="0" tests="3" name="com.app.qa.tests.HomePageTest" time="14.436" errors="0" timestamp="2022-08-26T01:00:44 EET" skipped="2">
  <testcase classname="com.app.qa.tests.HomePageTest" name="VerifyContactLinkTest" time="14.436"/>
  <system-out/>
  <testcase classname="com.app.qa.tests.HomePageTest" name="HomePageTitleTest">
    <skipped/>
  </testcase> <!-- HomePageTitleTest -->
  <system-out/>
  <testcase classname="com.app.qa.tests.HomePageTest" name="UserNameLabelTest">
    <skipped/>
  </testcase> <!-- UserNameLabelTest -->
  <system-out/>
</testsuite> <!-- com.app.qa.tests.HomePageTest -->
